2023-07-16 00:49:16,926 [main] INFO  EBanking - url opened
2023-07-16 00:49:17,102 [main] INFO  EBanking - url opened
2023-07-16 00:49:17,178 [main] INFO  EBanking - url opened
2023-07-16 00:49:18,316 [main] INFO  EBanking - url opened
2023-07-16 00:49:18,317 [main] INFO  EBanking - url opened
2023-07-16 00:50:15,791 [main] INFO  EBanking - url opened
2023-07-16 00:50:15,957 [main] INFO  EBanking - url opened
2023-07-16 00:50:16,035 [main] INFO  EBanking - url opened
2023-07-16 00:50:17,760 [main] INFO  EBanking - url opened
2023-07-16 00:50:17,762 [main] INFO  EBanking - url opened
2023-07-16 00:52:10,560 [main] INFO  EBanking - url opened
2023-07-16 00:52:10,725 [main] INFO  EBanking - Entered username
2023-07-16 00:52:10,801 [main] INFO  EBanking - url opened
2023-07-16 00:52:12,063 [main] INFO  EBanking - Entred passsword0
2023-07-16 00:52:12,065 [main] INFO  EBanking - testpassed
2023-07-16 20:51:04,295 [main] INFO  EBanking - url opened
2023-07-16 20:51:04,622 [main] INFO  EBanking - Entered username
2023-07-16 20:51:04,789 [main] INFO  EBanking - url opened
2023-07-16 20:51:41,237 [main] INFO  EBanking - url opened
2023-07-16 20:51:41,533 [main] INFO  EBanking - Entered username
2023-07-16 20:51:41,722 [main] INFO  EBanking - url opened
2023-07-16 20:51:43,183 [main] INFO  EBanking - Entred passsword0
2023-07-16 20:51:43,187 [main] INFO  EBanking - testpassed
2023-07-16 21:11:16,641 [main] INFO  EBanking - url opened
2023-07-16 21:11:16,977 [main] INFO  EBanking - Entered username
2023-07-16 21:11:17,111 [main] INFO  EBanking - url opened
2023-07-16 21:11:19,986 [main] INFO  EBanking - Entred passsword0
2023-07-16 21:11:19,989 [main] INFO  EBanking - testpassed
2023-07-16 21:12:18,112 [main] INFO  EBanking - url opened
2023-07-16 21:12:18,267 [main] INFO  EBanking - Entered username
2023-07-16 21:12:18,294 [main] INFO  EBanking - url opened
2023-07-16 21:12:19,742 [main] INFO  EBanking - Entred passsword0
2023-07-16 21:12:19,747 [main] INFO  EBanking - testpassed
2023-07-16 21:12:46,920 [main] INFO  EBanking - url opened
2023-07-16 21:12:47,104 [main] INFO  EBanking - Entered username
2023-07-16 21:12:47,142 [main] INFO  EBanking - url opened
2023-07-16 21:12:49,085 [main] INFO  EBanking - Entred passsword0
2023-07-16 21:12:49,090 [main] INFO  EBanking - testpassed
2023-07-16 21:13:54,554 [main] INFO  EBanking - url opened
2023-07-16 21:13:54,881 [main] INFO  EBanking - Entered username
2023-07-16 21:13:55,234 [main] INFO  EBanking - url opened
2023-07-16 21:13:56,809 [main] INFO  EBanking - Entred passsword0
2023-07-16 21:13:56,814 [main] INFO  EBanking - testpassed
2023-07-18 00:51:05,250 [main] INFO  EBanking - url opened
2023-07-18 00:51:05,561 [main] INFO  EBanking - Entered username
2023-07-18 00:51:05,818 [main] INFO  EBanking - url opened
2023-07-18 00:51:07,237 [main] INFO  EBanking - Entred passsword0
2023-07-18 00:51:07,243 [main] INFO  EBanking - testpassed
2023-07-18 00:53:49,883 [main] INFO  EBanking - url opened
2023-07-18 00:53:50,177 [main] INFO  EBanking - Entered username
2023-07-18 00:53:50,312 [main] INFO  EBanking - url opened
2023-07-18 01:20:21,250 [main] INFO  EBanking - url opened
2023-07-18 01:20:21,414 [main] INFO  EBanking - Entered username
2023-07-18 01:20:21,490 [main] INFO  EBanking - url opened
2023-07-18 01:29:08,087 [main] INFO  EBanking - url opened
2023-07-18 01:29:08,260 [main] INFO  EBanking - Entered username
2023-07-18 01:29:08,334 [main] INFO  EBanking - url opened
2023-07-18 01:35:15,905 [main] INFO  EBanking - url opened
2023-07-18 01:35:16,080 [main] INFO  EBanking - Entered username
2023-07-18 01:35:16,153 [main] INFO  EBanking - url opened
2023-07-18 01:38:46,395 [main] INFO  EBanking - url opened
2023-07-18 01:38:46,561 [main] INFO  EBanking - Entered username
2023-07-18 01:38:46,638 [main] INFO  EBanking - url opened
2023-07-18 01:45:48,815 [main] INFO  EBanking - url opened
2023-07-18 01:45:48,985 [main] INFO  EBanking - Entered username
2023-07-18 01:45:49,056 [main] INFO  EBanking - url opened
2023-07-18 01:48:12,086 [main] INFO  EBanking - url opened
2023-07-18 01:48:12,260 [main] INFO  EBanking - Entered username
2023-07-18 01:48:12,335 [main] INFO  EBanking - url opened
2023-07-18 01:54:17,232 [main] INFO  EBanking - url opened
2023-07-18 01:54:17,399 [main] INFO  EBanking - Entered username
2023-07-18 01:54:17,474 [main] INFO  EBanking - url opened
2023-07-18 02:09:13,054 [main] INFO  EBanking - url opened
2023-07-18 02:09:13,225 [main] INFO  EBanking - Entered username
2023-07-18 02:09:13,299 [main] INFO  EBanking - url opened
2023-07-18 02:12:40,502 [main] INFO  EBanking - url opened
2023-07-18 02:12:40,663 [main] INFO  EBanking - Entered username
2023-07-18 02:12:40,738 [main] INFO  EBanking - url opened
2023-07-18 02:13:31,033 [main] INFO  EBanking - url opened
2023-07-18 02:13:31,198 [main] INFO  EBanking - Entered username
2023-07-18 02:13:31,272 [main] INFO  EBanking - url opened
2023-07-18 02:16:02,781 [main] INFO  EBanking - url opened
2023-07-18 02:16:02,949 [main] INFO  EBanking - Entered username
2023-07-18 02:16:03,023 [main] INFO  EBanking - url opened
2023-07-18 02:17:39,598 [main] INFO  EBanking - url opened
2023-07-18 02:17:39,760 [main] INFO  EBanking - Entered username
2023-07-18 02:17:39,832 [main] INFO  EBanking - url opened
2023-07-18 02:26:45,863 [main] INFO  EBanking - url opened
2023-07-18 02:26:46,036 [main] INFO  EBanking - Entered username
2023-07-18 02:26:46,110 [main] INFO  EBanking - url opened
2023-07-18 02:27:58,692 [main] INFO  EBanking - url opened
2023-07-18 02:27:58,869 [main] INFO  EBanking - Entered username
2023-07-18 02:27:58,939 [main] INFO  EBanking - url opened
2023-07-18 02:28:00,029 [main] INFO  EBanking - Entred passsword0
2023-07-18 02:28:00,031 [main] INFO  EBanking - testpassed
2023-07-18 02:45:43,634 [main] INFO  EBanking - url opened
2023-07-18 02:45:43,803 [main] INFO  EBanking - Entered username
2023-07-18 02:45:43,880 [main] INFO  EBanking - url opened
2023-07-18 03:00:46,079 [main] INFO  EBanking - url opened
2023-07-18 03:00:46,254 [main] INFO  EBanking - Entered username
2023-07-18 03:00:46,325 [main] INFO  EBanking - url opened
2023-07-18 03:02:43,319 [main] INFO  EBanking - url opened
2023-07-18 03:02:43,487 [main] INFO  EBanking - Entered username
2023-07-18 03:02:43,559 [main] INFO  EBanking - url opened
2023-07-18 03:03:33,682 [main] INFO  EBanking - url opened
2023-07-18 03:03:33,853 [main] INFO  EBanking - Entered username
2023-07-18 03:03:33,931 [main] INFO  EBanking - url opened
2023-07-18 03:04:48,540 [main] INFO  EBanking - url opened
2023-07-18 03:04:48,709 [main] INFO  EBanking - Entered username
2023-07-18 03:04:53,791 [main] INFO  EBanking - url opened
2023-07-18 03:05:59,400 [main] INFO  EBanking - url opened
2023-07-18 03:05:59,561 [main] INFO  EBanking - Entered username
2023-07-18 03:06:04,641 [main] INFO  EBanking - url opened
2023-07-18 03:08:15,964 [main] INFO  EBanking - url opened
2023-07-18 03:08:16,136 [main] INFO  EBanking - Entered username
2023-07-18 03:08:21,225 [main] INFO  EBanking - url opened
2023-07-18 03:09:14,443 [main] INFO  EBanking - url opened
2023-07-18 03:09:14,611 [main] INFO  EBanking - Entered username
2023-07-18 03:09:19,693 [main] INFO  EBanking - url opened
2023-07-18 03:10:42,764 [main] INFO  EBanking - url opened
2023-07-18 03:10:42,931 [main] INFO  EBanking - Entered username
2023-07-18 03:10:48,008 [main] INFO  EBanking - url opened
2023-07-18 03:12:03,403 [main] INFO  EBanking - url opened
2023-07-18 03:12:03,578 [main] INFO  EBanking - Entered username
2023-07-18 03:12:08,664 [main] INFO  EBanking - url opened
2023-07-18 03:16:08,931 [main] INFO  EBanking - url opened
2023-07-18 03:16:09,098 [main] INFO  EBanking - Entered username
2023-07-18 03:16:14,187 [main] INFO  EBanking - url opened
2023-07-18 03:22:38,726 [main] INFO  EBanking - url opened
2023-07-18 03:22:38,888 [main] INFO  EBanking - Entered username
2023-07-18 03:22:38,961 [main] INFO  EBanking - url opened
2023-07-18 03:23:40,500 [main] INFO  EBanking - url opened
2023-07-18 03:23:40,665 [main] INFO  EBanking - Entered username
2023-07-18 03:23:40,741 [main] INFO  EBanking - url opened
2023-07-18 23:39:55,085 [main] INFO  EBanking - url opened
2023-07-18 23:39:55,426 [main] INFO  EBanking - Entered username
2023-07-18 23:39:55,557 [main] INFO  EBanking - url opened
2023-07-18 23:40:01,064 [main] INFO  EBanking - Entred passsword0
2023-07-18 23:40:01,075 [main] INFO  EBanking - testfailed
2023-07-18 23:44:12,888 [main] INFO  EBanking - url opened
2023-07-18 23:44:13,155 [main] INFO  EBanking - Entered username
2023-07-18 23:44:13,278 [main] INFO  EBanking - url opened
2023-07-18 23:44:18,741 [main] INFO  EBanking - Entred passsword0
2023-07-18 23:44:19,802 [main] INFO  EBanking - testfailed
2023-07-19 00:33:40,076 [main] INFO  EBanking - user name provided
2023-07-19 00:33:40,198 [main] INFO  EBanking - password provided
2023-07-19 00:33:46,174 [main] INFO  EBanking - user name provided
2023-07-19 00:33:46,335 [main] INFO  EBanking - password provided
2023-07-19 00:33:52,683 [main] INFO  EBanking - user name provided
2023-07-19 00:33:52,827 [main] INFO  EBanking - password provided
2023-07-19 00:33:59,420 [main] INFO  EBanking - user name provided
2023-07-19 00:33:59,570 [main] INFO  EBanking - password provided
2023-07-19 00:34:06,738 [main] INFO  EBanking - user name provided
2023-07-19 00:34:06,849 [main] INFO  EBanking - password provided
2023-07-19 00:40:15,430 [main] INFO  EBanking - user name provided
2023-07-19 00:40:15,560 [main] INFO  EBanking - password provided
2023-07-19 00:40:21,706 [main] INFO  EBanking - user name provided
2023-07-19 00:40:21,851 [main] INFO  EBanking - password provided
2023-07-19 00:40:28,555 [main] INFO  EBanking - user name provided
2023-07-19 00:40:28,691 [main] INFO  EBanking - password provided
2023-07-19 00:40:35,026 [main] INFO  EBanking - user name provided
2023-07-19 00:40:35,182 [main] INFO  EBanking - password provided
2023-07-19 00:40:41,876 [main] INFO  EBanking - user name provided
2023-07-19 00:40:42,046 [main] INFO  EBanking - password provided
2023-07-19 00:46:31,454 [main] INFO  EBanking - user name provided
2023-07-19 00:46:31,676 [main] INFO  EBanking - password provided
2023-07-19 00:46:38,496 [main] INFO  EBanking - user name provided
2023-07-19 00:46:38,651 [main] INFO  EBanking - password provided
2023-07-19 00:46:45,391 [main] INFO  EBanking - user name provided
2023-07-19 00:46:45,525 [main] INFO  EBanking - password provided
2023-07-19 00:46:51,988 [main] INFO  EBanking - user name provided
2023-07-19 00:46:52,143 [main] INFO  EBanking - password provided
2023-07-19 00:46:59,086 [main] INFO  EBanking - user name provided
2023-07-19 00:46:59,232 [main] INFO  EBanking - password provided
2023-07-19 00:50:41,123 [main] INFO  EBanking - user name provided
2023-07-19 00:50:41,323 [main] INFO  EBanking - password provided
2023-07-19 00:50:47,658 [main] INFO  EBanking - user name provided
2023-07-19 00:50:47,816 [main] INFO  EBanking - password provided
2023-07-19 00:50:54,543 [main] INFO  EBanking - user name provided
2023-07-19 00:50:54,707 [main] INFO  EBanking - password provided
2023-07-19 00:51:01,499 [main] INFO  EBanking - user name provided
2023-07-19 00:51:01,654 [main] INFO  EBanking - password provided
2023-07-19 00:51:08,280 [main] INFO  EBanking - user name provided
2023-07-19 00:51:08,434 [main] INFO  EBanking - password provided
2023-07-19 00:52:25,754 [main] INFO  EBanking - url opened
2023-07-19 00:52:26,055 [main] INFO  EBanking - Entered username
2023-07-19 00:52:26,196 [main] INFO  EBanking - url opened
2023-07-19 00:52:32,521 [main] INFO  EBanking - Entred passsword0
2023-07-19 00:52:32,550 [main] INFO  EBanking - testpassed
2023-07-19 00:53:01,492 [main] INFO  EBanking - url opened
2023-07-19 00:53:01,840 [main] INFO  EBanking - Entered username
2023-07-19 00:53:01,968 [main] INFO  EBanking - url opened
2023-07-19 00:53:07,415 [main] INFO  EBanking - Entred passsword0
2023-07-19 00:53:09,166 [main] INFO  EBanking - testfailed
2023-07-19 23:01:20,258 [main] INFO  EBanking - url opened
2023-07-19 23:01:20,566 [main] INFO  EBanking - Entered username
2023-07-19 23:01:20,694 [main] INFO  EBanking - url opened
2023-07-19 23:01:26,763 [main] INFO  EBanking - Entred passsword0
2023-07-19 23:01:26,795 [main] INFO  EBanking - testpassed
2023-07-19 23:03:47,689 [main] INFO  EBanking - url opened
2023-07-19 23:03:47,972 [main] INFO  EBanking - User name is provided
2023-07-19 23:03:48,106 [main] INFO  EBanking - Passsword is provided
2023-07-19 23:03:52,331 [main] INFO  EBanking - providing customer details....
2023-07-19 23:05:43,261 [main] INFO  EBanking - url opened
2023-07-19 23:05:43,569 [main] INFO  EBanking - User name is provided
2023-07-19 23:05:43,713 [main] INFO  EBanking - Passsword is provided
2023-07-19 23:05:48,070 [main] INFO  EBanking - providing customer details....
2023-07-19 23:08:50,125 [main] INFO  EBanking - url opened
2023-07-19 23:08:50,421 [main] INFO  EBanking - User name is provided
2023-07-19 23:08:50,594 [main] INFO  EBanking - Passsword is provided
2023-07-19 23:08:58,038 [main] INFO  EBanking - providing customer details....
2023-07-19 23:10:17,170 [main] INFO  EBanking - url opened
2023-07-19 23:10:17,489 [main] INFO  EBanking - User name is provided
2023-07-19 23:10:17,667 [main] INFO  EBanking - Passsword is provided
2023-07-19 23:10:28,277 [main] INFO  EBanking - providing customer details....
2023-07-19 23:12:31,394 [main] INFO  EBanking - url opened
2023-07-19 23:12:31,697 [main] INFO  EBanking - User name is provided
2023-07-19 23:12:31,899 [main] INFO  EBanking - Passsword is provided
2023-07-19 23:12:42,393 [main] INFO  EBanking - providing customer details....
2023-07-19 23:12:59,405 [main] INFO  EBanking - url opened
2023-07-19 23:12:59,705 [main] INFO  EBanking - User name is provided
2023-07-19 23:12:59,837 [main] INFO  EBanking - Passsword is provided
2023-07-19 23:13:10,406 [main] INFO  EBanking - providing customer details....
2023-07-19 23:13:21,691 [main] INFO  EBanking - validation started....
2023-07-19 23:13:21,721 [main] INFO  EBanking - test case passed....
2023-07-19 23:14:13,047 [main] INFO  EBanking - url opened
2023-07-19 23:14:13,314 [main] INFO  EBanking - User name is provided
2023-07-19 23:14:13,456 [main] INFO  EBanking - Passsword is provided
2023-07-19 23:14:23,666 [main] INFO  EBanking - providing customer details....
2023-07-19 23:14:34,599 [main] INFO  EBanking - validation started....
2023-07-19 23:14:34,629 [main] INFO  EBanking - test case passed....
2023-07-19 23:15:10,300 [main] INFO  EBanking - url opened
2023-07-19 23:15:10,616 [main] INFO  EBanking - Entered username
2023-07-19 23:15:10,746 [main] INFO  EBanking - url opened
2023-07-19 23:15:17,001 [main] INFO  EBanking - Entred passsword0
2023-07-19 23:15:17,033 [main] INFO  EBanking - testpassed
2023-07-19 23:15:23,803 [main] INFO  EBanking - user name provided
2023-07-19 23:15:23,962 [main] INFO  EBanking - password provided
2023-07-19 23:15:30,548 [main] INFO  EBanking - user name provided
2023-07-19 23:15:30,720 [main] INFO  EBanking - password provided
2023-07-19 23:15:37,221 [main] INFO  EBanking - user name provided
2023-07-19 23:15:37,397 [main] INFO  EBanking - password provided
2023-07-19 23:15:43,996 [main] INFO  EBanking - user name provided
2023-07-19 23:15:44,150 [main] INFO  EBanking - password provided
2023-07-19 23:15:50,702 [main] INFO  EBanking - user name provided
2023-07-19 23:15:50,847 [main] INFO  EBanking - password provided
2023-07-19 23:16:02,361 [main] INFO  EBanking - url opened
2023-07-19 23:16:02,648 [main] INFO  EBanking - User name is provided
2023-07-19 23:16:02,818 [main] INFO  EBanking - Passsword is provided
2023-07-19 23:16:13,193 [main] INFO  EBanking - providing customer details....
2023-07-19 23:16:24,924 [main] INFO  EBanking - validation started....
2023-07-19 23:16:24,947 [main] INFO  EBanking - test case passed....
2023-07-19 23:22:34,408 [main] INFO  EBanking - user name provided
2023-07-19 23:22:34,536 [main] INFO  EBanking - password provided
2023-07-19 23:22:40,596 [main] INFO  EBanking - user name provided
2023-07-19 23:22:40,751 [main] INFO  EBanking - password provided
2023-07-19 23:22:47,395 [main] INFO  EBanking - user name provided
2023-07-19 23:22:47,530 [main] INFO  EBanking - password provided
2023-07-19 23:22:54,325 [main] INFO  EBanking - user name provided
2023-07-19 23:22:54,458 [main] INFO  EBanking - password provided
2023-07-19 23:23:01,279 [main] INFO  EBanking - user name provided
2023-07-19 23:23:01,434 [main] INFO  EBanking - password provided
2023-07-19 23:35:44,714 [main] INFO  EBanking - user name provided
2023-07-19 23:35:44,843 [main] INFO  EBanking - password provided
2023-07-19 23:35:50,417 [main] INFO  EBanking - user name provided
2023-07-19 23:35:50,544 [main] INFO  EBanking - password provided
2023-07-19 23:35:56,876 [main] INFO  EBanking - user name provided
2023-07-19 23:35:57,011 [main] INFO  EBanking - password provided
2023-07-19 23:36:03,372 [main] INFO  EBanking - user name provided
2023-07-19 23:36:03,500 [main] INFO  EBanking - password provided
2023-07-19 23:36:10,093 [main] INFO  EBanking - user name provided
2023-07-19 23:36:10,224 [main] INFO  EBanking - password provided
2023-07-19 23:39:11,046 [main] INFO  EBanking - user name provided
2023-07-19 23:39:11,173 [main] INFO  EBanking - password provided
2023-07-19 23:39:17,090 [main] INFO  EBanking - user name provided
2023-07-19 23:39:17,217 [main] INFO  EBanking - password provided
2023-07-19 23:39:23,590 [main] INFO  EBanking - user name provided
2023-07-19 23:39:23,723 [main] INFO  EBanking - password provided
2023-07-19 23:39:30,052 [main] INFO  EBanking - user name provided
2023-07-19 23:39:30,183 [main] INFO  EBanking - password provided
2023-07-19 23:39:36,410 [main] INFO  EBanking - user name provided
2023-07-19 23:39:36,632 [main] INFO  EBanking - password provided
2023-07-19 23:41:48,532 [main] INFO  EBanking - user name provided
2023-07-19 23:41:48,609 [main] INFO  EBanking - password provided
2023-07-19 23:41:53,897 [main] INFO  EBanking - user name provided
2023-07-19 23:41:53,970 [main] INFO  EBanking - password provided
2023-07-19 23:42:00,651 [main] INFO  EBanking - user name provided
2023-07-19 23:42:00,734 [main] INFO  EBanking - password provided
2023-07-19 23:42:06,673 [main] INFO  EBanking - user name provided
2023-07-19 23:42:06,744 [main] INFO  EBanking - password provided
2023-07-19 23:42:12,519 [main] INFO  EBanking - user name provided
2023-07-19 23:42:12,588 [main] INFO  EBanking - password provided
2023-07-19 23:44:18,394 [main] INFO  EBanking - user name provided
2023-07-19 23:44:18,474 [main] INFO  EBanking - password provided
2023-07-19 23:44:28,512 [main] INFO  EBanking - user name provided
2023-07-19 23:44:28,595 [main] INFO  EBanking - password provided
2023-07-19 23:44:38,942 [main] INFO  EBanking - user name provided
2023-07-19 23:44:39,019 [main] INFO  EBanking - password provided
2023-07-19 23:44:50,044 [main] INFO  EBanking - user name provided
2023-07-19 23:44:50,118 [main] INFO  EBanking - password provided
2023-07-19 23:45:00,660 [main] INFO  EBanking - user name provided
2023-07-19 23:45:00,729 [main] INFO  EBanking - password provided
2023-07-19 23:47:26,709 [main] INFO  EBanking - url opened
2023-07-19 23:47:26,863 [main] INFO  EBanking - Entered username
2023-07-19 23:47:26,937 [main] INFO  EBanking - url opened
2023-07-19 23:47:32,952 [main] INFO  EBanking - Entred passsword0
2023-07-19 23:47:32,973 [main] INFO  EBanking - testpassed
2023-07-19 23:47:38,091 [main] INFO  EBanking - user name provided
2023-07-19 23:47:38,163 [main] INFO  EBanking - password provided
2023-07-19 23:47:48,143 [main] INFO  EBanking - user name provided
2023-07-19 23:47:48,219 [main] INFO  EBanking - password provided
2023-07-19 23:47:58,644 [main] INFO  EBanking - user name provided
2023-07-19 23:47:58,725 [main] INFO  EBanking - password provided
2023-07-19 23:48:09,196 [main] INFO  EBanking - user name provided
2023-07-19 23:48:09,260 [main] INFO  EBanking - password provided
2023-07-19 23:48:19,684 [main] INFO  EBanking - user name provided
2023-07-19 23:48:19,753 [main] INFO  EBanking - password provided
2023-07-19 23:48:32,816 [main] INFO  EBanking - url opened
2023-07-19 23:48:32,962 [main] INFO  EBanking - User name is provided
2023-07-19 23:48:33,033 [main] INFO  EBanking - Passsword is provided
2023-07-19 23:48:43,065 [main] INFO  EBanking - providing customer details....
2023-07-19 23:48:53,410 [main] INFO  EBanking - validation started....
2023-07-19 23:48:53,427 [main] INFO  EBanking - test case passed....
2023-07-20 22:56:14,461 [main] INFO  EBanking - url opened
2023-07-20 22:56:14,767 [main] INFO  EBanking - Entered username
2023-07-20 22:56:14,892 [main] INFO  EBanking - url opened
2023-07-20 22:56:21,376 [main] INFO  EBanking - Entred passsword0
2023-07-20 22:56:21,401 [main] INFO  EBanking - testpassed
2023-07-20 22:56:27,327 [main] INFO  EBanking - url opened
2023-07-20 22:56:27,589 [main] INFO  EBanking - User name is provided
2023-07-20 22:56:27,754 [main] INFO  EBanking - Passsword is provided
2023-07-20 22:56:39,255 [main] INFO  EBanking - providing customer details....
2023-07-20 22:56:50,930 [main] INFO  EBanking - validation started....
2023-07-20 22:56:50,955 [main] INFO  EBanking - test case passed....
2023-07-21 00:01:29,893 [main] INFO  EBanking - url opened
2023-07-21 00:01:30,246 [main] INFO  EBanking - Entered username
2023-07-21 00:01:30,398 [main] INFO  EBanking - url opened
2023-07-21 00:01:36,790 [main] INFO  EBanking - Entred passsword0
2023-07-21 00:01:36,814 [main] INFO  EBanking - testpassed
2023-07-21 00:01:41,762 [main] INFO  EBanking - url opened
2023-07-21 00:01:42,020 [main] INFO  EBanking - User name is provided
2023-07-21 00:01:42,149 [main] INFO  EBanking - Passsword is provided
2023-07-21 00:01:52,624 [main] INFO  EBanking - providing customer details....
2023-07-21 00:02:04,307 [main] INFO  EBanking - validation started....
2023-07-21 00:02:04,332 [main] INFO  EBanking - test case passed....
2023-07-21 00:08:34,667 [main] INFO  EBanking - url opened
2023-07-21 00:08:34,980 [main] INFO  EBanking - Entered username
2023-07-21 00:08:35,098 [main] INFO  EBanking - url opened
2023-07-21 00:08:41,357 [main] INFO  EBanking - Entred passsword0
2023-07-21 00:08:41,378 [main] INFO  EBanking - testpassed
2023-07-21 00:08:45,969 [main] INFO  EBanking - url opened
2023-07-21 00:08:46,270 [main] INFO  EBanking - User name is provided
2023-07-21 00:08:46,407 [main] INFO  EBanking - Passsword is provided
2023-07-21 00:08:56,906 [main] INFO  EBanking - providing customer details....
2023-07-21 00:09:08,604 [main] INFO  EBanking - validation started....
2023-07-21 00:09:08,628 [main] INFO  EBanking - test case passed....
2023-07-21 00:17:00,050 [main] INFO  EBanking - url opened
2023-07-21 00:17:00,344 [main] INFO  EBanking - Entered username
2023-07-21 00:17:00,502 [main] INFO  EBanking - url opened
2023-07-21 00:17:06,980 [main] INFO  EBanking - Entred passsword0
2023-07-21 00:17:07,006 [main] INFO  EBanking - testpassed
2023-07-21 00:17:12,504 [main] INFO  EBanking - url opened
2023-07-21 00:17:12,789 [main] INFO  EBanking - User name is provided
2023-07-21 00:17:12,936 [main] INFO  EBanking - Passsword is provided
2023-07-21 00:17:23,349 [main] INFO  EBanking - providing customer details....
2023-07-21 00:17:35,122 [main] INFO  EBanking - validation started....
2023-07-21 00:17:35,146 [main] INFO  EBanking - test case passed....
2023-07-21 22:38:21,221 [main] INFO  EBanking - url opened
2023-07-21 22:38:21,566 [main] INFO  EBanking - Entered username
2023-07-21 22:38:21,753 [main] INFO  EBanking - url opened
2023-07-21 22:38:28,107 [main] INFO  EBanking - Entred passsword0
2023-07-21 22:38:28,130 [main] INFO  EBanking - testpassed
2023-07-21 22:38:33,167 [main] INFO  EBanking - url opened
2023-07-21 22:38:33,436 [main] INFO  EBanking - User name is provided
2023-07-21 22:38:33,574 [main] INFO  EBanking - Passsword is provided
2023-07-21 22:38:43,958 [main] INFO  EBanking - providing customer details....
2023-07-21 22:38:55,559 [main] INFO  EBanking - validation started....
2023-07-21 22:38:55,582 [main] INFO  EBanking - test case passed....
2023-07-22 00:32:29,217 [main] INFO  EBanking - url opened
2023-07-22 00:32:29,524 [main] INFO  EBanking - Entered username
2023-07-22 00:32:29,655 [main] INFO  EBanking - url opened
2023-07-22 00:32:36,006 [main] INFO  EBanking - Entred passsword0
2023-07-22 00:32:36,032 [main] INFO  EBanking - testpassed
2023-07-22 00:32:41,118 [main] INFO  EBanking - url opened
2023-07-22 00:32:41,366 [main] INFO  EBanking - User name is provided
2023-07-22 00:32:41,500 [main] INFO  EBanking - Passsword is provided
2023-07-22 00:32:51,926 [main] INFO  EBanking - providing customer details....
2023-07-22 00:35:07,989 [main] INFO  EBanking - url opened
2023-07-22 00:35:08,260 [main] INFO  EBanking - Entered username
2023-07-22 00:35:08,390 [main] INFO  EBanking - url opened
2023-07-22 00:35:14,658 [main] INFO  EBanking - Entred passsword0
2023-07-22 00:35:14,687 [main] INFO  EBanking - testpassed
2023-07-22 00:38:49,146 [main] INFO  EBanking - url opened
2023-07-22 00:38:49,420 [main] INFO  EBanking - Entered username
2023-07-22 00:38:49,553 [main] INFO  EBanking - url opened
2023-07-22 00:38:55,847 [main] INFO  EBanking - Entred passsword0
2023-07-22 00:38:55,876 [main] INFO  EBanking - testpassed
2023-07-22 01:18:29,338 [main] INFO  EBanking - url opened
2023-07-22 01:18:29,624 [main] INFO  EBanking - Entered username
2023-07-22 01:18:29,868 [main] INFO  EBanking - url opened
2023-07-22 01:18:36,181 [main] INFO  EBanking - Entred passsword0
2023-07-22 01:18:36,211 [main] INFO  EBanking - testpassed
2023-07-22 01:19:05,127 [main] INFO  EBanking - url opened
2023-07-22 01:19:05,459 [main] INFO  EBanking - Entered username
2023-07-22 01:19:05,756 [main] INFO  EBanking - url opened
2023-07-22 01:19:11,975 [main] INFO  EBanking - Entred passsword0
2023-07-22 01:19:12,000 [main] INFO  EBanking - testpassed
2023-07-22 01:19:51,242 [main] INFO  EBanking - url opened
2023-07-22 01:19:51,533 [main] INFO  EBanking - Entered username
2023-07-22 01:19:51,810 [main] INFO  EBanking - url opened
2023-07-22 01:19:58,420 [main] INFO  EBanking - Entred passsword0
2023-07-22 01:19:58,445 [main] INFO  EBanking - testpassed
